<?xml version="1.0" encoding="UTF-8"?>
<!-- Generated by org.testng.reporters.JUnitReportReporter -->
<testsuite hostname="DESKTOP-H0I2EEB" failures="0" tests="1" name="Test_01_RestAssured" time="2.682" errors="0" timestamp="2021-11-08T11:34:36 GMT" skipped="0">
  <testcase classname="Test_01_RestAssured" name="test_01" time="2.682"/>
  <system-out/>
</testsuite> <!-- Test_01_RestAssured -->
