<?xml version="1.0" encoding="UTF-8"?>
<!-- Generated by org.testng.reporters.JUnitReportReporter -->
<testsuite hostname="DESKTOP-H0I2EEB" failures="0" tests="1" name="Test_GET" time="4.864" errors="0" timestamp="2021-11-10T22:45:42 GMT" skipped="0">
  <testcase classname="Test_GET" name="test_01" time="4.864"/>
  <system-out/>
</testsuite> <!-- Test_GET -->
