<?xml version="1.0" encoding="UTF-8"?>
<!-- Generated by org.testng.reporters.JUnitReportReporter -->
<testsuite hostname="DESKTOP-H0I2EEB" failures="0" tests="1" name="Test_POST" time="2.944" errors="0" timestamp="2021-11-11T17:57:07 GMT" skipped="0">
  <testcase classname="Test_POST" name="test_3_delete" time="2.944"/>
  <system-out/>
</testsuite> <!-- Test_POST -->
